<?xml version="1.0" encoding="UTF-8"?>
<testsuite xmlns:xsi="http://www.w3.org/2001/XMLSchema-instance" xsi:noNamespaceSchemaLocation="https://maven.apache.org/surefire/maven-surefire-plugin/xsd/surefire-test-report-3.0.xsd" version="3.0" name="org.itaya.pixivservice.PixivserviceApplicationTests" time="2.337" tests="1" errors="1" skipped="0" failures="0">
  <properties>
[...]
</properties>
  <testcase name="example" classname="org.itaya.pixivservice.PixivserviceApplicationTests" time="0.98">
    <error message="class cn.hutool.json.JSONArray cannot be cast to class cn.hutool.json.JSONObject (cn.hutool.json.JSONArray and cn.hutool.json.JSONObject are in unnamed module of loader &apos;app&apos;)" type="java.lang.ClassCastException"><![CDATA[java.lang.ClassCastException: class cn.hutool.json.JSONArray cannot be cast to class cn.hutool.json.JSONObject (cn.hutool.json.JSONArray and cn.hutool.json.JSONObject are in unnamed module of loader 'app')
	at cn.hutool.json.JSONGetter.getJSONObject(JSONGetter.java:98)
	at org.itaya.pixivservice.mapper.impl.PlateBaseArtworkMapperImpl.selectByRecommendedWorks(PlateBaseArtworkMapperImpl.kt:67)
	at org.itaya.pixivservice.mapper.impl.PlateBaseArtworkMapperImpl.selectByRecommendedWorks(PlateBaseArtworkMapperImpl.kt:78)
	at org.itaya.pixivservice.service.impl.ArtworkSelectServiceImpl$ArtworkID.selectRecommended(ArtworkSelectServiceImpl.kt:24)
	at org.itaya.pixivservice.PixivserviceApplicationTests$example$1.invoke(PixivserviceApplicationTests.kt:20)
	at org.itaya.pixivservice.PixivserviceApplicationTests$example$1.invoke(PixivserviceApplicationTests.kt:19)
	at org.itaya.pixivservice.service.impl.ArtworkSelectServiceImpl.selectionBaseOnArtworkID(ArtworkSelectServiceImpl.kt:138)
	at org.itaya.pixivservice.PixivserviceApplicationTests.example(PixivserviceApplicationTests.kt:19)
	at java.base/java.lang.reflect.Method.invoke(Method.java:568)
	at java.base/java.util.ArrayList.forEach(ArrayList.java:1511)
	at java.base/java.util.ArrayList.forEach(ArrayList.java:1511)
]]></error>
    <system-out><![CDATA[13:24:48.919 [main] INFO org.springframework.test.context.support.AnnotationConfigContextLoaderUtils -- Could not detect default configuration classes for test class [org.itaya.pixivservice.PixivserviceApplicationTests]: PixivserviceApplicationTests does not declare any static, non-private, non-final, nested classes annotated with @Configuration.
13:24:48.989 [main] INFO org.springframework.boot.test.context.SpringBootTestContextBootstrapper -- Found @SpringBootConfiguration org.itaya.pixivservice.PixivserviceApplication for test class org.itaya.pixivservice.PixivserviceApplicationTests

  .   ____          _            __ _ _
 /\\ / ___'_ __ _ _(_)_ __  __ _ \ \ \ \
( ( )\___ | '_ | '_| | '_ \/ _` | \ \ \ \
 \\/  ___)| |_)| | | | | || (_| |  ) ) ) )
  '  |____| .__|_| |_|_| |_\__, | / / / /
 =========|_|==============|___/=/_/_/_/
 :: Spring Boot ::                (v3.2.2)

2024-09-18T13:24:49.201+08:00  INFO 17554 --- [           main] o.i.p.PixivserviceApplicationTests       : Starting PixivserviceApplicationTests using Java 17.0.5 with PID 17554 (started by program in /Users/program/IdeaProjects/pixivservice)
2024-09-18T13:24:49.202+08:00  INFO 17554 --- [           main] o.i.p.PixivserviceApplicationTests       : No active profile set, falling back to 1 default profile: "default"
2024-09-18T13:24:50.151+08:00  INFO 17554 --- [           main] o.i.p.PixivserviceApplicationTests       : Started PixivserviceApplicationTests in 1.082 seconds (process running for 1.659)
]]></system-out>
  </testcase>
</testsuite>